Flutter/build/app/outputs/mapping/release/seeds.txt
com.example.third.MainActivity
com.example.third.MainActivity: MainActivity()
...
com.google.android.gms.internal.firebase-auth-api.zzagp: java.lang.String zza()
androidx.appcompat.widget.AbsActionBarView: void setContentHeight(int)
androidx.window.embedding.EmbeddingAdapter: boolean translateParentMetricsPredicate$lambda-4(androidx.window.embedding.SplitRule,android.view.WindowMetrics)
com.google.android.gms.internal.firebase-auth-api.zzfu: java.lang.String zze()
androidx.core.view.WindowInsetsCompat$Impl20: void copyWindowDataInto(androidx.core.view.WindowInsetsCompat)
com.google.android.gms.internal.firebase-auth-api.zzak: boolean remove(java.lang.Object)
com.google.android.gms.internal.firebase-auth-api.zzcp: java.lang.Class zzb()
androidx.window.core.Bounds: int getWidth()
com.google.android.gms.internal.firebase-auth-api.zzaji: com.google.android.gms.internal.firebase-auth-api.zzajl zza()
com.google.android.gms.internal.firebase-auth-api.zzgk: int hashCode()
com.google.android.gms.internal.maps.zzj: void zzp(boolean)
com.google.android.gms.internal.firebase-auth-api.zzwn: zzwn(java.security.interfaces.ECPrivateKey)
com.google.android.gms.internal.firebase-auth-api.zzxa: zzxa()
com.google.android.recaptcha.internal.zzii: zzii()
com.google.android.gms.internal.firebase-auth-api.zzagc: com.google.android.gms.internal.firebase-auth-api.zzagc zzg(java.lang.String)
com.google.android.gms.internal.firebase-auth-api.zzmb: byte[] zzd(byte[],byte[])
com.google.android.gms.internal.firebase-auth-api.zztc$zza: com.google.android.gms.internal.firebase-auth-api.zztc$zza zza(int)
androidx.core.widget.TextViewCompat$Api17Impl: void setCompoundDrawablesRelative(android.widget.TextView,android.graphics.drawable.Drawable,android.graphics.drawable.Drawable,android.graphics.drawable.Drawable,android.graphics.drawable.Drawable)
io.flutter.embedding.android.KeyData$Type: io.flutter.embedding.android.KeyData$Type valueOf(java.lang.String)
com.google.android.gms.internal.firebase-auth-api.zzafu: java.lang.String zza()
com.google.android.gms.internal.firebase-auth-api.zzafv: zzafv(java.util.List)
com.google.android.gms.internal.firebase-auth-api.zzum: com.google.android.gms.internal.firebase-auth-api.zzum[] values()
com.google.android.gms.internal.firebase-auth-api.zzrh: com.google.android.gms.internal.firebase-auth-api.zzov zza(com.google.android.gms.internal.firebase-auth-api.zzch)
com.google.android.recaptcha.internal.zzba: com.google.android.recaptcha.internal.zzmh zzy(java.lang.String,java.util.List)
com.google.android.gms.internal.firebase-auth-api.zzzw: zzzw(com.google.android.gms.internal.firebase-auth-api.zzyj,com.google.android.gms.internal.firebase-auth-api.zzacd)
com.google.android.recaptcha.internal.zzmb: void zzi(com.google.android.recaptcha.internal.zzmb,java.lang.String)
androidx.window.layout.WindowInfoTrackerDecorator: androidx.window.layout.WindowInfoTracker decorate(androidx.window.layout.WindowInfoTracker)
com.google.android.gms.internal.firebase-auth-api.zzok: zzok(com.google.android.gms.internal.firebase-auth-api.zzoj)
com.google.android.gms.internal.firebase-auth-api.zzfj$zza: zzfj$zza()
com.google.android.gms.internal.firebase-auth-api.zzpo$zza: com.google.android.gms.internal.firebase-auth-api.zzpo$zza zza(int)
com.google.android.recaptcha.internal.zzkw: zzkw(java.lang.String,int,int)
com.google.android.gms.internal.firebase-auth-api.zzace: void zza(com.google.firebase.auth.PhoneAuthCredential)
com.google.android.gms.internal.firebase-auth-api.zzsn: void zza(int)
com.google.android.gms.internal.firebase-auth-api.zzalh: int zzh(java.util.List)
com.google.android.recaptcha.internal.zzfh: void zze(int,com.google.android.recaptcha.internal.zzez)
com.google.android.gms.internal.firebase-auth-api.zzfh: com.google.android.gms.internal.firebase-auth-api.zzakn zza(com.google.android.gms.internal.firebase-auth-api.zzakn)
com.google.android.gms.internal.firebase-auth-api.zzahl: int zzb(byte[],int,com.google.android.gms.internal.firebase-auth-api.zzahk)