Flutter/build/app/outputs/mapping/release/mapping.txt
# compiler: R8
# compiler_version: 3.3.70
# min_api: 21
# common_typos_disable
# {"id":"com.android.tools.r8.mapping","version":"2.0"}
# pg_map_id: 8c35d81
# pg_map_hash: SHA-256 8c35d81132df7493e2b7ba5b6f87ee08fb84cf79037ef833bc2bd70995978eab
...
androidx.appcompat.widget.ActionBarOverlayLayout$1 -> androidx.appcompat.widget.ActionBarOverlayLayout$a:
    androidx.appcompat.widget.ActionBarOverlayLayout this$0 -> a
androidx.appcompat.widget.ActionBarOverlayLayout$2 -> androidx.appcompat.widget.ActionBarOverlayLayout$b:
    androidx.appcompat.widget.ActionBarOverlayLayout this$0 -> a
androidx.appcompat.widget.ActionBarOverlayLayout$3 -> androidx.appcompat.widget.ActionBarOverlayLayout$c:
    androidx.appcompat.widget.ActionBarOverlayLayout this$0 -> a
androidx.appcompat.widget.ActionBarOverlayLayout$ActionBarVisibilityCallback -> androidx.appcompat.widget.ActionBarOverlayLayout$d:
    void showForSystem() -> a
    void onContentScrollStarted() -> b
    void onWindowVisibilityChanged(int) -> c
    void onContentScrollStopped() -> d
    void enableContentAnimations(boolean) -> e
    void hideForSystem() -> f
androidx.appcompat.widget.ActionBarOverlayLayout$LayoutParams -> androidx.appcompat.widget.ActionBarOverlayLayout$e:
androidx.appcompat.widget.ActionMenuPresenter -> androidx.appcompat.widget.c:
    androidx.appcompat.widget.ActionMenuPresenter$OpenOverflowRunnable mPostedOpenRunnable -> E
    boolean mPendingOverflowIconSet -> p
    int mOpenSubMenuId -> H
    androidx.appcompat.widget.ActionMenuPresenter$PopupPresenterCallback mPopupPresenterCallback -> G
    boolean mMaxItemsSet -> v
    androidx.appcompat.widget.ActionMenuPresenter$ActionMenuPopupCallback mPopupCallback -> F
    boolean mStrictWidthLimit -> w
    androidx.appcompat.widget.ActionMenuPresenter$OverflowMenuButton mOverflowButton -> n
    boolean mWidthLimitSet -> x
    boolean mReserveOverflow -> q
    boolean mReserveOverflowSet -> r
    android.util.SparseBooleanArray mActionButtonGroups -> A
    androidx.appcompat.widget.ActionMenuPresenter$ActionButtonSubmenu mActionButtonPopup -> D
    boolean mExpandedActionViewsExclusive -> y
    int mMinCellSize -> z
    androidx.appcompat.widget.ActionMenuPresenter$OverflowPopup mOverflowPopup -> C
    int mActionItemWidthLimit -> t
    int mMaxItems -> u
    android.view.View mScrapActionButtonView -> B
    android.graphics.drawable.Drawable mPendingOverflowIcon -> o
    int mWidthLimit -> s
    boolean isOverflowMenuShowing() -> A
    void onConfigurationChanged(android.content.res.Configuration) -> B
    void setExpandedActionViewsExclusive(boolean) -> C
    void setMenuView(androidx.appcompat.widget.ActionMenuView) -> D
androidx.appcompat.widget.ActionMenuPresenter$ActionButtonSubmenu -> androidx.appcompat.widget.c$a:
    androidx.appcompat.widget.ActionMenuPresenter this$0 -> m
    void onDismiss() -> e
androidx.appcompat.widget.ActionMenuPresenter$ActionMenuPopupCallback -> androidx.appcompat.widget.c$b:
    androidx.appcompat.widget.ActionMenuPresenter this$0 -> a
    androidx.appcompat.view.menu.ShowableListMenu getPopup() -> a
androidx.appcompat.widget.ActionMenuPresenter$OpenOverflowRunnable -> androidx.appcompat.widget.c$c:
    androidx.appcompat.widget.ActionMenuPresenter this$0 -> b
    androidx.appcompat.widget.ActionMenuPresenter$OverflowPopup mPopup -> a
androidx.appcompat.widget.ActionMenuPresenter$OverflowMenuButton -> androidx.appcompat.widget.c$d:
    androidx.appcompat.widget.ActionMenuPresenter this$0 -> d
    float[] mTempPts -> c
    boolean needsDividerAfter() -> b
    boolean needsDividerBefore() -> c
androidx.appcompat.widget.ActionMenuPresenter$OverflowMenuButton$1 -> androidx.appcompat.widget.c$d$a:
    androidx.appcompat.widget.ActionMenuPresenter$OverflowMenuButton this$1 -> o
    androidx.appcompat.widget.ActionMenuPresenter val$this$0 -> n
    androidx.appcompat.view.menu.ShowableListMenu getPopup() -> b
    boolean onForwardingStarted() -> c
    boolean onForwardingStopped() -> d
androidx.appcompat.widget.ActionMenuPresenter$OverflowPopup -> androidx.appcompat.widget.c$e:
    androidx.appcompat.widget.ActionMenuPresenter this$0 -> m
    void onDismiss() -> e