Flutter/build/app/outputs/mapping/release/usage.txt
com.example.third.BuildConfig
com.example.third.R$anim
com.example.third.R$attr
com.example.third.R$bool
com.example.third.R$color
com.example.third.R$dimen
com.example.third.R$drawable
com.example.third.R$id
com.example.third.R$integer
com.example.third.R$layout
com.example.third.R$mipmap
com.example.third.R$raw
com.example.third.R$string
com.example.third.R$style
com.example.third.R$styleable
com.example.third.R$xml
com.example.third.R
...
kotlinx.coroutines.selects.WhileSelectKt$whileSelect$1
kotlinx.coroutines.selects.WhileSelectKt
kotlinx.coroutines.sync.CancelSemaphoreAcquisitionHandler
kotlinx.coroutines.sync.Mutex$DefaultImpls
kotlinx.coroutines.sync.Mutex:
    public abstract kotlinx.coroutines.selects.SelectClause2 getOnLock()
    public abstract boolean holdsLock(java.lang.Object)
    public abstract boolean isLocked()
    public abstract boolean tryLock(java.lang.Object)
kotlinx.coroutines.sync.MutexImpl$LockSelect$completeResumeLockWaiter$1
kotlinx.coroutines.sync.MutexImpl$LockSelect
kotlinx.coroutines.sync.MutexImpl$TryLockDesc$PrepareOp
kotlinx.coroutines.sync.MutexImpl$TryLockDesc
kotlinx.coroutines.sync.MutexImpl:
    public static final synthetic java.lang.Object access$lockSuspend(kotlinx.coroutines.sync.MutexImpl,java.lang.Object,kotlin.coroutines.Continuation)
    public kotlinx.coroutines.selects.SelectClause2 getOnLock()
    public boolean holdsLock(java.lang.Object)
    public boolean isLocked()
    public final boolean isLockedEmptyQueueState$kotlinx_coroutines_core()
    public void registerSelectClause2(kotlinx.coroutines.selects.SelectInstance,java.lang.Object,kotlin.jvm.functions.Function2)
kotlinx.coroutines.sync.MutexKt$withLock$1
kotlinx.coroutines.sync.MutexKt:
    public static final synthetic kotlinx.coroutines.internal.Symbol access$getLOCK_FAIL$p()
    private static synthetic void getEMPTY_LOCKED$annotations()
    private static synthetic void getEMPTY_UNLOCKED$annotations()
    private static synthetic void getLOCKED$annotations()
    private static synthetic void getLOCK_FAIL$annotations()
    private static synthetic void getUNLOCKED$annotations()
    private static synthetic void getUNLOCK_FAIL$annotations()
    public static final java.lang.Object withLock(kotlinx.coroutines.sync.Mutex,java.lang.Object,kotlin.jvm.functions.Function0,kotlin.coroutines.Continuation)
    private static final java.lang.Object withLock$$forInline(kotlinx.coroutines.sync.Mutex,java.lang.Object,kotlin.jvm.functions.Function0,kotlin.coroutines.Continuation)
    public static synthetic java.lang.Object withLock$default(kotlinx.coroutines.sync.Mutex,java.lang.Object,kotlin.jvm.functions.Function0,kotlin.coroutines.Continuation,int,java.lang.Object)
kotlinx.coroutines.sync.Semaphore
kotlinx.coroutines.sync.SemaphoreImpl$onCancellationRelease$1
kotlinx.coroutines.sync.SemaphoreImpl
kotlinx.coroutines.sync.SemaphoreKt$withPermit$1
kotlinx.coroutines.sync.SemaphoreKt
kotlinx.coroutines.sync.SemaphoreSegment
kotlinx.coroutines.tasks.DirectExecutor
kotlinx.coroutines.tasks.TasksKt$asDeferredImpl$2
kotlinx.coroutines.tasks.TasksKt$asDeferredImpl$3
kotlinx.coroutines.tasks.TasksKt$asTask$1
kotlinx.coroutines.tasks.TasksKt$awaitImpl$2$1
kotlinx.coroutines.tasks.TasksKt$awaitImpl$2$2
kotlinx.coroutines.tasks.TasksKt
org.chromium.support_lib_boundary.util.BoundaryInterfaceReflectionUtil$InvocationHandlerWithDelegateGetter
org.chromium.support_lib_boundary.util.BoundaryInterfaceReflectionUtil:
    public static boolean containsFeature(java.lang.String[],java.lang.String)
    public static java.lang.reflect.InvocationHandler createInvocationHandlerFor(java.lang.Object)
    public static java.lang.reflect.InvocationHandler[] createInvocationHandlersForArray(java.lang.Object[])
    public static java.lang.reflect.Method dupeMethod(java.lang.reflect.Method,java.lang.ClassLoader)
    public static java.lang.Object getDelegateFromInvocationHandler(java.lang.reflect.InvocationHandler)
    public static boolean instanceOfInOwnClassLoader(java.lang.Object,java.lang.String)
org.chromium.support_lib_boundary.util.Features
org.intellij.lang.annotations.Flow
org.intellij.lang.annotations.Identifier
org.intellij.lang.annotations.JdkConstants$AdjustableOrientation
org.intellij.lang.annotations.JdkConstants$BoxLayoutAxis
org.intellij.lang.annotations.JdkConstants$CalendarMonth
org.intellij.lang.annotations.JdkConstants$CursorType